<?xml version="1.0" encoding="UTF-8"?>
<testsuite xmlns:xsi="http://www.w3.org/2001/XMLSchema-instance" xsi:noNamespaceSchemaLocation="https://maven.apache.org/surefire/maven-surefire-plugin/xsd/surefire-test-report.xsd" name="VerificationCodeServiceTest" time="36.374" tests="1" errors="1" skipped="0" failures="0">
  <properties>
    <property name="java.specification.version" value="21"/>
    <property name="sun.jnu.encoding" value="UTF-8"/>
    <property name="java.class.path" value="/Users/mihir/distributed-computing/email/target/test-classes:/Users/mihir/distributed-computing/email/target/classes:/Users/mihir/.m2/repository/org/springframework/boot/spring-boot-starter-mail/2.3.7.RELEASE/spring-boot-starter-mail-2.3.7.RELEASE.jar:/Users/mihir/.m2/repository/org/springframework/boot/spring-boot-starter/2.3.7.RELEASE/spring-boot-starter-2.3.7.RELEASE.jar:/Users/mihir/.m2/repository/org/springframework/boot/spring-boot/2.3.7.RELEASE/spring-boot-2.3.7.RELEASE.jar:/Users/mihir/.m2/repository/org/springframework/boot/spring-boot-autoconfigure/2.3.7.RELEASE/spring-boot-autoconfigure-2.3.7.RELEASE.jar:/Users/mihir/.m2/repository/org/springframework/boot/spring-boot-starter-logging/2.3.7.RELEASE/spring-boot-starter-logging-2.3.7.RELEASE.jar:/Users/mihir/.m2/repository/ch/qos/logback/logback-classic/1.2.3/logback-classic-1.2.3.jar:/Users/mihir/.m2/repository/ch/qos/logback/logback-core/1.2.3/logback-core-1.2.3.jar:/Users/mihir/.m2/repository/org/apache/logging/log4j/log4j-to-slf4j/2.13.3/log4j-to-slf4j-2.13.3.jar:/Users/mihir/.m2/repository/org/apache/logging/log4j/log4j-api/2.13.3/log4j-api-2.13.3.jar:/Users/mihir/.m2/repository/org/slf4j/jul-to-slf4j/1.7.30/jul-to-slf4j-1.7.30.jar:/Users/mihir/.m2/repository/jakarta/annotation/jakarta.annotation-api/1.3.5/jakarta.annotation-api-1.3.5.jar:/Users/mihir/.m2/repository/org/yaml/snakeyaml/1.26/snakeyaml-1.26.jar:/Users/mihir/.m2/repository/org/springframework/spring-context-support/5.2.12.RELEASE/spring-context-support-5.2.12.RELEASE.jar:/Users/mihir/.m2/repository/org/springframework/spring-beans/5.2.12.RELEASE/spring-beans-5.2.12.RELEASE.jar:/Users/mihir/.m2/repository/org/springframework/spring-context/5.2.12.RELEASE/spring-context-5.2.12.RELEASE.jar:/Users/mihir/.m2/repository/org/springframework/boot/spring-boot-starter-web/2.3.7.RELEASE/spring-boot-starter-web-2.3.7.RELEASE.jar:/Users/mihir/.m2/repository/org/springframework/boot/spring-boot-starter-json/2.3.7.RELEASE/spring-boot-starter-json-2.3.7.RELEASE.jar:/Users/mihir/.m2/repository/com/fasterxml/jackson/core/jackson-databind/2.11.3/jackson-databind-2.11.3.jar:/Users/mihir/.m2/repository/com/fasterxml/jackson/core/jackson-core/2.11.3/jackson-core-2.11.3.jar:/Users/mihir/.m2/repository/com/fasterxml/jackson/datatype/jackson-datatype-jdk8/2.11.3/jackson-datatype-jdk8-2.11.3.jar:/Users/mihir/.m2/repository/com/fasterxml/jackson/datatype/jackson-datatype-jsr310/2.11.3/jackson-datatype-jsr310-2.11.3.jar:/Users/mihir/.m2/repository/com/fasterxml/jackson/module/jackson-module-parameter-names/2.11.3/jackson-module-parameter-names-2.11.3.jar:/Users/mihir/.m2/repository/org/springframework/boot/spring-boot-starter-tomcat/2.3.7.RELEASE/spring-boot-starter-tomcat-2.3.7.RELEASE.jar:/Users/mihir/.m2/repository/org/apache/tomcat/embed/tomcat-embed-core/9.0.41/tomcat-embed-core-9.0.41.jar:/Users/mihir/.m2/repository/org/glassfish/jakarta.el/3.0.3/jakarta.el-3.0.3.jar:/Users/mihir/.m2/repository/org/apache/tomcat/embed/tomcat-embed-websocket/9.0.41/tomcat-embed-websocket-9.0.41.jar:/Users/mihir/.m2/repository/org/springframework/spring-web/5.2.12.RELEASE/spring-web-5.2.12.RELEASE.jar:/Users/mihir/.m2/repository/org/springframework/spring-webmvc/5.2.12.RELEASE/spring-webmvc-5.2.12.RELEASE.jar:/Users/mihir/.m2/repository/org/springframework/spring-aop/5.2.12.RELEASE/spring-aop-5.2.12.RELEASE.jar:/Users/mihir/.m2/repository/org/springframework/spring-expression/5.2.12.RELEASE/spring-expression-5.2.12.RELEASE.jar:/Users/mihir/.m2/repository/io/springfox/springfox-swagger2/3.0.0/springfox-swagger2-3.0.0.jar:/Users/mihir/.m2/repository/io/springfox/springfox-spi/3.0.0/springfox-spi-3.0.0.jar:/Users/mihir/.m2/repository/io/springfox/springfox-core/3.0.0/springfox-core-3.0.0.jar:/Users/mihir/.m2/repository/io/springfox/springfox-schema/3.0.0/springfox-schema-3.0.0.jar:/Users/mihir/.m2/repository/io/springfox/springfox-swagger-common/3.0.0/springfox-swagger-common-3.0.0.jar:/Users/mihir/.m2/repository/io/swagger/core/v3/swagger-annotations/2.1.2/swagger-annotations-2.1.2.jar:/Users/mihir/.m2/repository/io/springfox/springfox-spring-web/3.0.0/springfox-spring-web-3.0.0.jar:/Users/mihir/.m2/repository/io/github/classgraph/classgraph/4.8.83/classgraph-4.8.83.jar:/Users/mihir/.m2/repository/io/springfox/springfox-spring-webmvc/3.0.0/springfox-spring-webmvc-3.0.0.jar:/Users/mihir/.m2/repository/io/springfox/springfox-spring-webflux/3.0.0/springfox-spring-webflux-3.0.0.jar:/Users/mihir/.m2/repository/com/fasterxml/classmate/1.5.1/classmate-1.5.1.jar:/Users/mihir/.m2/repository/org/slf4j/slf4j-api/1.7.30/slf4j-api-1.7.30.jar:/Users/mihir/.m2/repository/org/springframework/plugin/spring-plugin-core/2.0.0.RELEASE/spring-plugin-core-2.0.0.RELEASE.jar:/Users/mihir/.m2/repository/org/springframework/plugin/spring-plugin-metadata/2.0.0.RELEASE/spring-plugin-metadata-2.0.0.RELEASE.jar:/Users/mihir/.m2/repository/io/swagger/swagger-annotations/1.5.20/swagger-annotations-1.5.20.jar:/Users/mihir/.m2/repository/io/swagger/swagger-models/1.5.20/swagger-models-1.5.20.jar:/Users/mihir/.m2/repository/com/fasterxml/jackson/core/jackson-annotations/2.11.3/jackson-annotations-2.11.3.jar:/Users/mihir/.m2/repository/org/mapstruct/mapstruct/1.3.1.Final/mapstruct-1.3.1.Final.jar:/Users/mihir/.m2/repository/io/springfox/springfox-swagger-ui/3.0.0/springfox-swagger-ui-3.0.0.jar:/Users/mihir/.m2/repository/org/projectlombok/lombok/1.18.8/lombok-1.18.8.jar:/Users/mihir/.m2/repository/org/apache/commons/commons-pool2/2.8.1/commons-pool2-2.8.1.jar:/Users/mihir/.m2/repository/javax/activation/activation/1.1.1/activation-1.1.1.jar:/Users/mihir/.m2/repository/org/mongodb/mongodb-driver-sync/4.0.5/mongodb-driver-sync-4.0.5.jar:/Users/mihir/.m2/repository/org/mongodb/bson/4.0.5/bson-4.0.5.jar:/Users/mihir/.m2/repository/org/mongodb/mongodb-driver-core/4.0.5/mongodb-driver-core-4.0.5.jar:/Users/mihir/.m2/repository/org/springframework/boot/spring-boot-starter-test/2.3.7.RELEASE/spring-boot-starter-test-2.3.7.RELEASE.jar:/Users/mihir/.m2/repository/org/springframework/boot/spring-boot-test/2.3.7.RELEASE/spring-boot-test-2.3.7.RELEASE.jar:/Users/mihir/.m2/repository/org/springframework/boot/spring-boot-test-autoconfigure/2.3.7.RELEASE/spring-boot-test-autoconfigure-2.3.7.RELEASE.jar:/Users/mihir/.m2/repository/com/jayway/jsonpath/json-path/2.4.0/json-path-2.4.0.jar:/Users/mihir/.m2/repository/net/minidev/json-smart/2.3/json-smart-2.3.jar:/Users/mihir/.m2/repository/net/minidev/accessors-smart/1.2/accessors-smart-1.2.jar:/Users/mihir/.m2/repository/org/ow2/asm/asm/5.0.4/asm-5.0.4.jar:/Users/mihir/.m2/repository/jakarta/xml/bind/jakarta.xml.bind-api/2.3.3/jakarta.xml.bind-api-2.3.3.jar:/Users/mihir/.m2/repository/jakarta/activation/jakarta.activation-api/1.2.2/jakarta.activation-api-1.2.2.jar:/Users/mihir/.m2/repository/org/assertj/assertj-core/3.16.1/assertj-core-3.16.1.jar:/Users/mihir/.m2/repository/org/hamcrest/hamcrest/2.2/hamcrest-2.2.jar:/Users/mihir/.m2/repository/org/junit/vintage/junit-vintage-engine/5.6.3/junit-vintage-engine-5.6.3.jar:/Users/mihir/.m2/repository/org/apiguardian/apiguardian-api/1.1.0/apiguardian-api-1.1.0.jar:/Users/mihir/.m2/repository/org/junit/platform/junit-platform-engine/1.6.3/junit-platform-engine-1.6.3.jar:/Users/mihir/.m2/repository/org/mockito/mockito-core/3.3.3/mockito-core-3.3.3.jar:/Users/mihir/.m2/repository/net/bytebuddy/byte-buddy/1.10.18/byte-buddy-1.10.18.jar:/Users/mihir/.m2/repository/net/bytebuddy/byte-buddy-agent/1.10.18/byte-buddy-agent-1.10.18.jar:/Users/mihir/.m2/repository/org/objenesis/objenesis/2.6/objenesis-2.6.jar:/Users/mihir/.m2/repository/org/mockito/mockito-junit-jupiter/3.3.3/mockito-junit-jupiter-3.3.3.jar:/Users/mihir/.m2/repository/org/skyscreamer/jsonassert/1.5.0/jsonassert-1.5.0.jar:/Users/mihir/.m2/repository/com/vaadin/external/google/android-json/0.0.20131108.vaadin1/android-json-0.0.20131108.vaadin1.jar:/Users/mihir/.m2/repository/org/springframework/spring-core/5.2.12.RELEASE/spring-core-5.2.12.RELEASE.jar:/Users/mihir/.m2/repository/org/springframework/spring-jcl/5.2.12.RELEASE/spring-jcl-5.2.12.RELEASE.jar:/Users/mihir/.m2/repository/org/springframework/spring-test/5.2.12.RELEASE/spring-test-5.2.12.RELEASE.jar:/Users/mihir/.m2/repository/org/xmlunit/xmlunit-core/2.7.0/xmlunit-core-2.7.0.jar:/Users/mihir/.m2/repository/javax/mail/mail/1.4.7/mail-1.4.7.jar:/Users/mihir/.m2/repository/org/apache/commons/commons-email/1.4/commons-email-1.4.jar:/Users/mihir/.m2/repository/com/sun/mail/javax.mail/1.5.2/javax.mail-1.5.2.jar:/Users/mihir/.m2/repository/com/sun/mail/jakarta.mail/1.6.7/jakarta.mail-1.6.7.jar:/Users/mihir/.m2/repository/com/sun/activation/jakarta.activation/1.2.2/jakarta.activation-1.2.2.jar:/Users/mihir/.m2/repository/junit/junit/4.13.1/junit-4.13.1.jar:/Users/mihir/.m2/repository/org/hamcrest/hamcrest-core/2.2/hamcrest-core-2.2.jar:/Users/mihir/.m2/repository/org/springframework/boot/spring-boot-starter-data-mongodb/2.3.7.RELEASE/spring-boot-starter-data-mongodb-2.3.7.RELEASE.jar:/Users/mihir/.m2/repository/org/springframework/data/spring-data-mongodb/3.0.6.RELEASE/spring-data-mongodb-3.0.6.RELEASE.jar:/Users/mihir/.m2/repository/org/springframework/spring-tx/5.2.12.RELEASE/spring-tx-5.2.12.RELEASE.jar:/Users/mihir/.m2/repository/org/springframework/data/spring-data-commons/2.3.6.RELEASE/spring-data-commons-2.3.6.RELEASE.jar:/Users/mihir/.m2/repository/org/junit/jupiter/junit-jupiter/5.10.1/junit-jupiter-5.10.1.jar:/Users/mihir/.m2/repository/org/junit/jupiter/junit-jupiter-api/5.6.3/junit-jupiter-api-5.6.3.jar:/Users/mihir/.m2/repository/org/opentest4j/opentest4j/1.2.0/opentest4j-1.2.0.jar:/Users/mihir/.m2/repository/org/junit/platform/junit-platform-commons/1.6.3/junit-platform-commons-1.6.3.jar:/Users/mihir/.m2/repository/org/junit/jupiter/junit-jupiter-params/5.6.3/junit-jupiter-params-5.6.3.jar:/Users/mihir/.m2/repository/org/junit/jupiter/junit-jupiter-engine/5.6.3/junit-jupiter-engine-5.6.3.jar:"/>
    <property name="java.vm.vendor" value="Oracle Corporation"/>
    <property name="sun.arch.data.model" value="64"/>
    <property name="java.vendor.url" value="https://java.oracle.com/"/>
    <property name="os.name" value="Mac OS X"/>
    <property name="java.vm.specification.version" value="21"/>
    <property name="sun.java.launcher" value="SUN_STANDARD"/>
    <property name="user.country" value="IN"/>
    <property name="sun.boot.library.path" value="/Library/Java/JavaVirtualMachines/jdk-21.jdk/Contents/Home/lib"/>
    <property name="sun.java.command" value="/Users/mihir/distributed-computing/email/target/surefire/surefirebooter7012084329535358437.jar /Users/mihir/distributed-computing/email/target/surefire 2024-01-02T15-52-50_710-jvmRun1 surefire16811598882329834275tmp surefire_02206189125459009146tmp"/>
    <property name="http.nonProxyHosts" value="local|*.local|169.254/16|*.169.254/16"/>
    <property name="jdk.debug" value="release"/>
    <property name="surefire.test.class.path" value="/Users/mihir/distributed-computing/email/target/test-classes:/Users/mihir/distributed-computing/email/target/classes:/Users/mihir/.m2/repository/org/springframework/boot/spring-boot-starter-mail/2.3.7.RELEASE/spring-boot-starter-mail-2.3.7.RELEASE.jar:/Users/mihir/.m2/repository/org/springframework/boot/spring-boot-starter/2.3.7.RELEASE/spring-boot-starter-2.3.7.RELEASE.jar:/Users/mihir/.m2/repository/org/springframework/boot/spring-boot/2.3.7.RELEASE/spring-boot-2.3.7.RELEASE.jar:/Users/mihir/.m2/repository/org/springframework/boot/spring-boot-autoconfigure/2.3.7.RELEASE/spring-boot-autoconfigure-2.3.7.RELEASE.jar:/Users/mihir/.m2/repository/org/springframework/boot/spring-boot-starter-logging/2.3.7.RELEASE/spring-boot-starter-logging-2.3.7.RELEASE.jar:/Users/mihir/.m2/repository/ch/qos/logback/logback-classic/1.2.3/logback-classic-1.2.3.jar:/Users/mihir/.m2/repository/ch/qos/logback/logback-core/1.2.3/logback-core-1.2.3.jar:/Users/mihir/.m2/repository/org/apache/logging/log4j/log4j-to-slf4j/2.13.3/log4j-to-slf4j-2.13.3.jar:/Users/mihir/.m2/repository/org/apache/logging/log4j/log4j-api/2.13.3/log4j-api-2.13.3.jar:/Users/mihir/.m2/repository/org/slf4j/jul-to-slf4j/1.7.30/jul-to-slf4j-1.7.30.jar:/Users/mihir/.m2/repository/jakarta/annotation/jakarta.annotation-api/1.3.5/jakarta.annotation-api-1.3.5.jar:/Users/mihir/.m2/repository/org/yaml/snakeyaml/1.26/snakeyaml-1.26.jar:/Users/mihir/.m2/repository/org/springframework/spring-context-support/5.2.12.RELEASE/spring-context-support-5.2.12.RELEASE.jar:/Users/mihir/.m2/repository/org/springframework/spring-beans/5.2.12.RELEASE/spring-beans-5.2.12.RELEASE.jar:/Users/mihir/.m2/repository/org/springframework/spring-context/5.2.12.RELEASE/spring-context-5.2.12.RELEASE.jar:/Users/mihir/.m2/repository/org/springframework/boot/spring-boot-starter-web/2.3.7.RELEASE/spring-boot-starter-web-2.3.7.RELEASE.jar:/Users/mihir/.m2/repository/org/springframework/boot/spring-boot-starter-json/2.3.7.RELEASE/spring-boot-starter-json-2.3.7.RELEASE.jar:/Users/mihir/.m2/repository/com/fasterxml/jackson/core/jackson-databind/2.11.3/jackson-databind-2.11.3.jar:/Users/mihir/.m2/repository/com/fasterxml/jackson/core/jackson-core/2.11.3/jackson-core-2.11.3.jar:/Users/mihir/.m2/repository/com/fasterxml/jackson/datatype/jackson-datatype-jdk8/2.11.3/jackson-datatype-jdk8-2.11.3.jar:/Users/mihir/.m2/repository/com/fasterxml/jackson/datatype/jackson-datatype-jsr310/2.11.3/jackson-datatype-jsr310-2.11.3.jar:/Users/mihir/.m2/repository/com/fasterxml/jackson/module/jackson-module-parameter-names/2.11.3/jackson-module-parameter-names-2.11.3.jar:/Users/mihir/.m2/repository/org/springframework/boot/spring-boot-starter-tomcat/2.3.7.RELEASE/spring-boot-starter-tomcat-2.3.7.RELEASE.jar:/Users/mihir/.m2/repository/org/apache/tomcat/embed/tomcat-embed-core/9.0.41/tomcat-embed-core-9.0.41.jar:/Users/mihir/.m2/repository/org/glassfish/jakarta.el/3.0.3/jakarta.el-3.0.3.jar:/Users/mihir/.m2/repository/org/apache/tomcat/embed/tomcat-embed-websocket/9.0.41/tomcat-embed-websocket-9.0.41.jar:/Users/mihir/.m2/repository/org/springframework/spring-web/5.2.12.RELEASE/spring-web-5.2.12.RELEASE.jar:/Users/mihir/.m2/repository/org/springframework/spring-webmvc/5.2.12.RELEASE/spring-webmvc-5.2.12.RELEASE.jar:/Users/mihir/.m2/repository/org/springframework/spring-aop/5.2.12.RELEASE/spring-aop-5.2.12.RELEASE.jar:/Users/mihir/.m2/repository/org/springframework/spring-expression/5.2.12.RELEASE/spring-expression-5.2.12.RELEASE.jar:/Users/mihir/.m2/repository/io/springfox/springfox-swagger2/3.0.0/springfox-swagger2-3.0.0.jar:/Users/mihir/.m2/repository/io/springfox/springfox-spi/3.0.0/springfox-spi-3.0.0.jar:/Users/mihir/.m2/repository/io/springfox/springfox-core/3.0.0/springfox-core-3.0.0.jar:/Users/mihir/.m2/repository/io/springfox/springfox-schema/3.0.0/springfox-schema-3.0.0.jar:/Users/mihir/.m2/repository/io/springfox/springfox-swagger-common/3.0.0/springfox-swagger-common-3.0.0.jar:/Users/mihir/.m2/repository/io/swagger/core/v3/swagger-annotations/2.1.2/swagger-annotations-2.1.2.jar:/Users/mihir/.m2/repository/io/springfox/springfox-spring-web/3.0.0/springfox-spring-web-3.0.0.jar:/Users/mihir/.m2/repository/io/github/classgraph/classgraph/4.8.83/classgraph-4.8.83.jar:/Users/mihir/.m2/repository/io/springfox/springfox-spring-webmvc/3.0.0/springfox-spring-webmvc-3.0.0.jar:/Users/mihir/.m2/repository/io/springfox/springfox-spring-webflux/3.0.0/springfox-spring-webflux-3.0.0.jar:/Users/mihir/.m2/repository/com/fasterxml/classmate/1.5.1/classmate-1.5.1.jar:/Users/mihir/.m2/repository/org/slf4j/slf4j-api/1.7.30/slf4j-api-1.7.30.jar:/Users/mihir/.m2/repository/org/springframework/plugin/spring-plugin-core/2.0.0.RELEASE/spring-plugin-core-2.0.0.RELEASE.jar:/Users/mihir/.m2/repository/org/springframework/plugin/spring-plugin-metadata/2.0.0.RELEASE/spring-plugin-metadata-2.0.0.RELEASE.jar:/Users/mihir/.m2/repository/io/swagger/swagger-annotations/1.5.20/swagger-annotations-1.5.20.jar:/Users/mihir/.m2/repository/io/swagger/swagger-models/1.5.20/swagger-models-1.5.20.jar:/Users/mihir/.m2/repository/com/fasterxml/jackson/core/jackson-annotations/2.11.3/jackson-annotations-2.11.3.jar:/Users/mihir/.m2/repository/org/mapstruct/mapstruct/1.3.1.Final/mapstruct-1.3.1.Final.jar:/Users/mihir/.m2/repository/io/springfox/springfox-swagger-ui/3.0.0/springfox-swagger-ui-3.0.0.jar:/Users/mihir/.m2/repository/org/projectlombok/lombok/1.18.8/lombok-1.18.8.jar:/Users/mihir/.m2/repository/org/apache/commons/commons-pool2/2.8.1/commons-pool2-2.8.1.jar:/Users/mihir/.m2/repository/javax/activation/activation/1.1.1/activation-1.1.1.jar:/Users/mihir/.m2/repository/org/mongodb/mongodb-driver-sync/4.0.5/mongodb-driver-sync-4.0.5.jar:/Users/mihir/.m2/repository/org/mongodb/bson/4.0.5/bson-4.0.5.jar:/Users/mihir/.m2/repository/org/mongodb/mongodb-driver-core/4.0.5/mongodb-driver-core-4.0.5.jar:/Users/mihir/.m2/repository/org/springframework/boot/spring-boot-starter-test/2.3.7.RELEASE/spring-boot-starter-test-2.3.7.RELEASE.jar:/Users/mihir/.m2/repository/org/springframework/boot/spring-boot-test/2.3.7.RELEASE/spring-boot-test-2.3.7.RELEASE.jar:/Users/mihir/.m2/repository/org/springframework/boot/spring-boot-test-autoconfigure/2.3.7.RELEASE/spring-boot-test-autoconfigure-2.3.7.RELEASE.jar:/Users/mihir/.m2/repository/com/jayway/jsonpath/json-path/2.4.0/json-path-2.4.0.jar:/Users/mihir/.m2/repository/net/minidev/json-smart/2.3/json-smart-2.3.jar:/Users/mihir/.m2/repository/net/minidev/accessors-smart/1.2/accessors-smart-1.2.jar:/Users/mihir/.m2/repository/org/ow2/asm/asm/5.0.4/asm-5.0.4.jar:/Users/mihir/.m2/repository/jakarta/xml/bind/jakarta.xml.bind-api/2.3.3/jakarta.xml.bind-api-2.3.3.jar:/Users/mihir/.m2/repository/jakarta/activation/jakarta.activation-api/1.2.2/jakarta.activation-api-1.2.2.jar:/Users/mihir/.m2/repository/org/assertj/assertj-core/3.16.1/assertj-core-3.16.1.jar:/Users/mihir/.m2/repository/org/hamcrest/hamcrest/2.2/hamcrest-2.2.jar:/Users/mihir/.m2/repository/org/junit/vintage/junit-vintage-engine/5.6.3/junit-vintage-engine-5.6.3.jar:/Users/mihir/.m2/repository/org/apiguardian/apiguardian-api/1.1.0/apiguardian-api-1.1.0.jar:/Users/mihir/.m2/repository/org/junit/platform/junit-platform-engine/1.6.3/junit-platform-engine-1.6.3.jar:/Users/mihir/.m2/repository/org/mockito/mockito-core/3.3.3/mockito-core-3.3.3.jar:/Users/mihir/.m2/repository/net/bytebuddy/byte-buddy/1.10.18/byte-buddy-1.10.18.jar:/Users/mihir/.m2/repository/net/bytebuddy/byte-buddy-agent/1.10.18/byte-buddy-agent-1.10.18.jar:/Users/mihir/.m2/repository/org/objenesis/objenesis/2.6/objenesis-2.6.jar:/Users/mihir/.m2/repository/org/mockito/mockito-junit-jupiter/3.3.3/mockito-junit-jupiter-3.3.3.jar:/Users/mihir/.m2/repository/org/skyscreamer/jsonassert/1.5.0/jsonassert-1.5.0.jar:/Users/mihir/.m2/repository/com/vaadin/external/google/android-json/0.0.20131108.vaadin1/android-json-0.0.20131108.vaadin1.jar:/Users/mihir/.m2/repository/org/springframework/spring-core/5.2.12.RELEASE/spring-core-5.2.12.RELEASE.jar:/Users/mihir/.m2/repository/org/springframework/spring-jcl/5.2.12.RELEASE/spring-jcl-5.2.12.RELEASE.jar:/Users/mihir/.m2/repository/org/springframework/spring-test/5.2.12.RELEASE/spring-test-5.2.12.RELEASE.jar:/Users/mihir/.m2/repository/org/xmlunit/xmlunit-core/2.7.0/xmlunit-core-2.7.0.jar:/Users/mihir/.m2/repository/javax/mail/mail/1.4.7/mail-1.4.7.jar:/Users/mihir/.m2/repository/org/apache/commons/commons-email/1.4/commons-email-1.4.jar:/Users/mihir/.m2/repository/com/sun/mail/javax.mail/1.5.2/javax.mail-1.5.2.jar:/Users/mihir/.m2/repository/com/sun/mail/jakarta.mail/1.6.7/jakarta.mail-1.6.7.jar:/Users/mihir/.m2/repository/com/sun/activation/jakarta.activation/1.2.2/jakarta.activation-1.2.2.jar:/Users/mihir/.m2/repository/junit/junit/4.13.1/junit-4.13.1.jar:/Users/mihir/.m2/repository/org/hamcrest/hamcrest-core/2.2/hamcrest-core-2.2.jar:/Users/mihir/.m2/repository/org/springframework/boot/spring-boot-starter-data-mongodb/2.3.7.RELEASE/spring-boot-starter-data-mongodb-2.3.7.RELEASE.jar:/Users/mihir/.m2/repository/org/springframework/data/spring-data-mongodb/3.0.6.RELEASE/spring-data-mongodb-3.0.6.RELEASE.jar:/Users/mihir/.m2/repository/org/springframework/spring-tx/5.2.12.RELEASE/spring-tx-5.2.12.RELEASE.jar:/Users/mihir/.m2/repository/org/springframework/data/spring-data-commons/2.3.6.RELEASE/spring-data-commons-2.3.6.RELEASE.jar:/Users/mihir/.m2/repository/org/junit/jupiter/junit-jupiter/5.10.1/junit-jupiter-5.10.1.jar:/Users/mihir/.m2/repository/org/junit/jupiter/junit-jupiter-api/5.6.3/junit-jupiter-api-5.6.3.jar:/Users/mihir/.m2/repository/org/opentest4j/opentest4j/1.2.0/opentest4j-1.2.0.jar:/Users/mihir/.m2/repository/org/junit/platform/junit-platform-commons/1.6.3/junit-platform-commons-1.6.3.jar:/Users/mihir/.m2/repository/org/junit/jupiter/junit-jupiter-params/5.6.3/junit-jupiter-params-5.6.3.jar:/Users/mihir/.m2/repository/org/junit/jupiter/junit-jupiter-engine/5.6.3/junit-jupiter-engine-5.6.3.jar:"/>
    <property name="sun.cpu.endian" value="little"/>
    <property name="user.home" value="/Users/mihir"/>
    <property name="user.language" value="en"/>
    <property name="java.specification.vendor" value="Oracle Corporation"/>
    <property name="java.version.date" value="2023-10-17"/>
    <property name="java.home" value="/Library/Java/JavaVirtualMachines/jdk-21.jdk/Contents/Home"/>
    <property name="file.separator" value="/"/>
    <property name="basedir" value="/Users/mihir/distributed-computing/email"/>
    <property name="java.vm.compressedOopsMode" value="Zero based"/>
    <property name="line.separator" value="&#10;"/>
    <property name="java.vm.specification.vendor" value="Oracle Corporation"/>
    <property name="java.specification.name" value="Java Platform API Specification"/>
    <property name="apple.awt.application.name" value="ForkedBooter"/>
    <property name="surefire.real.class.path" value="/Users/mihir/distributed-computing/email/target/surefire/surefirebooter7012084329535358437.jar"/>
    <property name="sun.management.compiler" value="HotSpot 64-Bit Tiered Compilers"/>
    <property name="ftp.nonProxyHosts" value="local|*.local|169.254/16|*.169.254/16"/>
    <property name="java.runtime.version" value="21.0.1+12-LTS-29"/>
    <property name="user.name" value="mihir"/>
    <property name="stdout.encoding" value="UTF-8"/>
    <property name="path.separator" value=":"/>
    <property name="os.version" value="13.4"/>
    <property name="java.runtime.name" value="Java(TM) SE Runtime Environment"/>
    <property name="file.encoding" value="UTF-8"/>
    <property name="java.vm.name" value="Java HotSpot(TM) 64-Bit Server VM"/>
    <property name="localRepository" value="/Users/mihir/.m2/repository"/>
    <property name="java.vendor.url.bug" value="https://bugreport.java.com/bugreport/"/>
    <property name="java.io.tmpdir" value="/var/folders/hr/z4z80pl95tl8ggwxs7nnt_cm0000gn/T/"/>
    <property name="java.version" value="21.0.1"/>
    <property name="user.dir" value="/Users/mihir/distributed-computing/email"/>
    <property name="os.arch" value="aarch64"/>
    <property name="java.vm.specification.name" value="Java Virtual Machine Specification"/>
    <property name="native.encoding" value="UTF-8"/>
    <property name="java.library.path" value="/Users/mihir/Library/Java/Extensions:/Library/Java/Extensions:/Network/Library/Java/Extensions:/System/Library/Java/Extensions:/usr/lib/java:."/>
    <property name="java.vm.info" value="mixed mode, sharing"/>
    <property name="stderr.encoding" value="UTF-8"/>
    <property name="java.vendor" value="Oracle Corporation"/>
    <property name="java.vm.version" value="21.0.1+12-LTS-29"/>
    <property name="sun.io.unicode.encoding" value="UnicodeBig"/>
    <property name="socksNonProxyHosts" value="local|*.local|169.254/16|*.169.254/16"/>
    <property name="java.class.version" value="65.0"/>
  </properties>
  <testcase name="testStoreAndVerifyCode" classname="VerificationCodeServiceTest" time="30.169">
    <error message="Timed out after 30000 ms while waiting to connect. Client view of cluster state is {type=UNKNOWN, servers=[{address=localhost:27017, type=UNKNOWN, state=CONNECTING, exception={com.mongodb.MongoSocketOpenException: Exception opening socket}, caused by {java.net.ConnectException: Connection refused}}]" type="com.mongodb.MongoTimeoutException">com.mongodb.MongoTimeoutException: Timed out after 30000 ms while waiting to connect. Client view of cluster state is {type=UNKNOWN, servers=[{address=localhost:27017, type=UNKNOWN, state=CONNECTING, exception={com.mongodb.MongoSocketOpenException: Exception opening socket}, caused by {java.net.ConnectException: Connection refused}}]
	at VerificationCodeServiceTest.testStoreAndVerifyCode(VerificationCodeServiceTest.java:37)
</error>
    <system-out><![CDATA[15:52:51.668 [main] DEBUG org.springframework.test.context.BootstrapUtils - Instantiating CacheAwareContextLoaderDelegate from class [org.springframework.test.context.cache.DefaultCacheAwareContextLoaderDelegate]
15:52:51.678 [main] DEBUG org.springframework.test.context.BootstrapUtils - Instantiating BootstrapContext using constructor [public org.springframework.test.context.support.DefaultBootstrapContext(java.lang.Class,org.springframework.test.context.CacheAwareContextLoaderDelegate)]
15:52:51.717 [main] DEBUG org.springframework.test.context.BootstrapUtils - Instantiating TestContextBootstrapper for test class [VerificationCodeServiceTest] from class [org.springframework.boot.test.context.SpringBootTestContextBootstrapper]
15:52:51.725 [main] INFO org.springframework.boot.test.context.SpringBootTestContextBootstrapper - Neither @ContextConfiguration nor @ContextHierarchy found for test class [VerificationCodeServiceTest], using SpringBootContextLoader
15:52:51.726 [main] DEBUG org.springframework.test.context.support.AbstractContextLoader - Did not detect default resource location for test class [VerificationCodeServiceTest]: class path resource [VerificationCodeServiceTest-context.xml] does not exist
15:52:51.726 [main] DEBUG org.springframework.test.context.support.AbstractContextLoader - Did not detect default resource location for test class [VerificationCodeServiceTest]: class path resource [VerificationCodeServiceTestContext.groovy] does not exist
15:52:51.726 [main] INFO org.springframework.test.context.support.AbstractContextLoader - Could not detect default resource locations for test class [VerificationCodeServiceTest]: no resource found for suffixes {-context.xml, Context.groovy}.
15:52:51.745 [main] DEBUG org.springframework.test.context.support.ActiveProfilesUtils - Could not find an 'annotation declaring class' for annotation type [org.springframework.test.context.ActiveProfiles] and class [VerificationCodeServiceTest]
15:52:51.789 [main] DEBUG org.springframework.boot.test.context.SpringBootTestContextBootstrapper - @TestExecutionListeners is not present for class [VerificationCodeServiceTest]: using defaults.
15:52:51.790 [main] INFO org.springframework.boot.test.context.SpringBootTestContextBootstrapper - Loaded default TestExecutionListener class names from location [META-INF/spring.factories]: [org.springframework.boot.test.mock.mockito.MockitoTestExecutionListener, org.springframework.boot.test.mock.mockito.ResetMocksTestExecutionListener, org.springframework.boot.test.autoconfigure.restdocs.RestDocsTestExecutionListener, org.springframework.boot.test.autoconfigure.web.client.MockRestServiceServerResetTestExecutionListener, org.springframework.boot.test.autoconfigure.web.servlet.MockMvcPrintOnlyOnFailureTestExecutionListener, org.springframework.boot.test.autoconfigure.web.servlet.WebDriverTestExecutionListener, org.springframework.boot.test.autoconfigure.webservices.client.MockWebServiceServerTestExecutionListener, org.springframework.test.context.web.ServletTestExecutionListener, org.springframework.test.context.support.DirtiesContextBeforeModesTestExecutionListener, org.springframework.test.context.support.DependencyInjectionTestExecutionListener, org.springframework.test.context.support.DirtiesContextTestExecutionListener, org.springframework.test.context.transaction.TransactionalTestExecutionListener, org.springframework.test.context.jdbc.SqlScriptsTestExecutionListener, org.springframework.test.context.event.EventPublishingTestExecutionListener]
15:52:51.798 [main] INFO org.springframework.boot.test.context.SpringBootTestContextBootstrapper - Using TestExecutionListeners: [org.springframework.test.context.web.ServletTestExecutionListener@5167f57d, org.springframework.test.context.support.DirtiesContextBeforeModesTestExecutionListener@64b0598, org.springframework.boot.test.mock.mockito.MockitoTestExecutionListener@18f8cd79, org.springframework.boot.test.autoconfigure.SpringBootDependencyInjectionTestExecutionListener@3e2055d6, org.springframework.test.context.support.DirtiesContextTestExecutionListener@50029372, org.springframework.test.context.transaction.TransactionalTestExecutionListener@e3b3b2f, org.springframework.test.context.jdbc.SqlScriptsTestExecutionListener@50f6ac94, org.springframework.test.context.event.EventPublishingTestExecutionListener@6cc4cdb9, org.springframework.boot.test.mock.mockito.ResetMocksTestExecutionListener@28194a50, org.springframework.boot.test.autoconfigure.restdocs.RestDocsTestExecutionListener@7f2cfe3f, org.springframework.boot.test.autoconfigure.web.client.MockRestServiceServerResetTestExecutionListener@1a5b6f42, org.springframework.boot.test.autoconfigure.web.servlet.MockMvcPrintOnlyOnFailureTestExecutionListener@5038d0b5, org.springframework.boot.test.autoconfigure.web.servlet.WebDriverTestExecutionListener@32115b28, org.springframework.boot.test.autoconfigure.webservices.client.MockWebServiceServerTestExecutionListener@2ad48653]
15:52:51.799 [main] DEBUG org.springframework.test.context.support.AbstractDirtiesContextTestExecutionListener - Before test class: context [DefaultTestContext@2c78324b testClass = VerificationCodeServiceTest, testInstance = [null], testMethod = [null], testException = [null], mergedContextConfiguration = [WebMergedContextConfiguration@79defdc testClass = VerificationCodeServiceTest, locations = '{}', classes = '{class Main.EmailApplication, class Main.EmailApplication}', contextInitializerClasses = '[]', activeProfiles = '{}', propertySourceLocations = '{}', propertySourceProperties = '{org.springframework.boot.test.context.SpringBootTestContextBootstrapper=true}', contextCustomizers = set[[ImportsContextCustomizer@18317edc key = [Main.sendEmail.MongoConfig]], org.springframework.boot.test.context.filter.ExcludeFilterContextCustomizer@33c911a1, org.springframework.boot.test.json.DuplicateJsonObjectContextCustomizerFactory$DuplicateJsonObjectContextCustomizer@1190200a, org.springframework.boot.test.mock.mockito.MockitoContextCustomizer@0, org.springframework.boot.test.web.client.TestRestTemplateContextCustomizer@37271612, org.springframework.boot.test.autoconfigure.properties.PropertyMappingContextCustomizer@0, org.springframework.boot.test.autoconfigure.web.servlet.WebDriverContextCustomizerFactory$Customizer@3098cf3b, org.springframework.boot.test.context.SpringBootTestArgs@1, org.springframework.boot.test.context.SpringBootTestWebEnvironment@5f9d02cb], resourceBasePath = 'src/main/webapp', contextLoader = 'org.springframework.boot.test.context.SpringBootContextLoader', parent = [null]], attributes = map['org.springframework.test.context.web.ServletTestExecutionListener.activateListener' -> true]], class annotated with @DirtiesContext [false] with mode [null].
15:52:51.816 [main] DEBUG org.springframework.test.context.support.TestPropertySourceUtils - Adding inlined properties to environment: {spring.jmx.enabled=false, org.springframework.boot.test.context.SpringBootTestContextBootstrapper=true}

  .   ____          _            __ _ _
 /\\ / ___'_ __ _ _(_)_ __  __ _ \ \ \ \
( ( )\___ | '_ | '_| | '_ \/ _` | \ \ \ \
 \\/  ___)| |_)| | | | | || (_| |  ) ) ) )
  '  |____| .__|_| |_|_| |_\__, | / / / /
 =========|_|==============|___/=/_/_/_/
 :: Spring Boot ::        (v2.3.7.RELEASE)

2024-01-02 15:52:56.967  INFO 4135 --- [           main] VerificationCodeServiceTest              : Starting VerificationCodeServiceTest on Mihirs-MacBook-Air.local with PID 4135 (started by mihir in /Users/mihir/distributed-computing/email)
2024-01-02 15:52:56.967  INFO 4135 --- [           main] VerificationCodeServiceTest              : No active profile set, falling back to default profiles: default
2024-01-02 15:52:57.213  INFO 4135 --- [           main] .s.d.r.c.RepositoryConfigurationDelegate : Bootstrapping Spring Data MongoDB repositories in DEFAULT mode.
2024-01-02 15:52:57.221  INFO 4135 --- [           main] .s.d.r.c.RepositoryConfigurationDelegate : Finished Spring Data repository scanning in 5ms. Found 0 MongoDB repository interfaces.
2024-01-02 15:52:57.358  INFO 4135 --- [           main] org.mongodb.driver.cluster               : Cluster created with settings {hosts=[localhost:27017], mode=SINGLE, requiredClusterType=UNKNOWN, serverSelectionTimeout='30000 ms'}
2024-01-02 15:52:57.389  INFO 4135 --- [localhost:27017] org.mongodb.driver.cluster               : Exception in monitor thread while connecting to server localhost:27017

com.mongodb.MongoSocketOpenException: Exception opening socket
	at com.mongodb.internal.connection.SocketStream.open(SocketStream.java:70) ~[mongodb-driver-core-4.0.5.jar:na]
	at com.mongodb.internal.connection.InternalStreamConnection.open(InternalStreamConnection.java:127) ~[mongodb-driver-core-4.0.5.jar:na]
	at com.mongodb.internal.connection.DefaultServerMonitor$ServerMonitorRunnable.run(DefaultServerMonitor.java:117) ~[mongodb-driver-core-4.0.5.jar:na]
	at java.base/java.lang.Thread.run(Thread.java:1583) ~[na:na]
Caused by: java.net.ConnectException: Connection refused
	at java.base/sun.nio.ch.Net.pollConnect(Native Method) ~[na:na]
	at java.base/sun.nio.ch.Net.pollConnectNow(Net.java:682) ~[na:na]
	at java.base/sun.nio.ch.NioSocketImpl.timedFinishConnect(NioSocketImpl.java:542) ~[na:na]
	at java.base/sun.nio.ch.NioSocketImpl.connect(NioSocketImpl.java:592) ~[na:na]
	at java.base/java.net.SocksSocketImpl.connect(SocksSocketImpl.java:327) ~[na:na]
	at java.base/java.net.Socket.connect(Socket.java:751) ~[na:na]
	at com.mongodb.internal.connection.SocketStreamHelper.initialize(SocketStreamHelper.java:63) ~[mongodb-driver-core-4.0.5.jar:na]
	at com.mongodb.internal.connection.SocketStream.initializeSocket(SocketStream.java:79) ~[mongodb-driver-core-4.0.5.jar:na]
	at com.mongodb.internal.connection.SocketStream.open(SocketStream.java:65) ~[mongodb-driver-core-4.0.5.jar:na]
	... 3 common frames omitted

2024-01-02 15:52:57.589  INFO 4135 --- [           main] o.s.s.concurrent.ThreadPoolTaskExecutor  : Initializing ExecutorService 'applicationTaskExecutor'
2024-01-02 15:52:57.770  INFO 4135 --- [           main] VerificationCodeServiceTest              : Started VerificationCodeServiceTest in 5.948 seconds (JVM running for 6.446)
2024-01-02 15:52:57.904  INFO 4135 --- [           main] org.mongodb.driver.cluster               : Cluster description not yet available. Waiting for 30000 ms before timing out
]]></system-out>
  </testcase>
</testsuite>